[23-Aug-2017 14:45:12 UTC] PHP Notice:  Undefined property: AffWP\Utils\Batch_Process\Export_Referrals::$affiliate in F:\OpenServer\domains\euroroaming\wp-content\plugins\AffiliateWP-master\includes\admin\tools\export\class-batch-export-referrals.php on line 250
[23-Aug-2017 14:45:12 UTC] PHP Notice:  Undefined offset: 58961 in F:\OpenServer\domains\euroroaming\wp-content\plugins\AffiliateWP-master\includes\admin\tools\export\class-batch-export-referrals.php on line 353
[23-Aug-2017 14:45:12 UTC] PHP Notice:  Undefined offset: 59021 in F:\OpenServer\domains\euroroaming\wp-content\plugins\AffiliateWP-master\includes\admin\tools\export\class-batch-export-referrals.php on line 353
[23-Aug-2017 14:45:12 UTC] PHP Fatal error:  Uncaught Error: Call to a member function getProperties() on string in F:\OpenServer\domains\euroroaming\wp-content\plugins\AffiliateWP-master\includes\admin\tools\export\class-batch-export.php:223
Stack trace:
#0 F:\OpenServer\domains\euroroaming\wp-content\plugins\AffiliateWP-master\includes\admin\tools\tools.php(692): AffWP\Utils\Batch_Process\Export->export()
#1 F:\OpenServer\domains\euroroaming\wp-includes\class-wp-hook.php(298): affwp_process_batch_export_download(Array)
#2 F:\OpenServer\domains\euroroaming\wp-includes\class-wp-hook.php(323): WP_Hook->apply_filters('', Array)
#3 F:\OpenServer\domains\euroroaming\wp-includes\plugin.php(453): WP_Hook->do_action(Array)
#4 F:\OpenServer\domains\euroroaming\wp-content\plugins\AffiliateWP-master\includes\actions.php(23): do_action('affwp_download_...', Array)
#5 F:\OpenServer\domains\euroroaming\wp-includes\class-wp-hook.php(298): affwp_do_actions('')
#6 F:\OpenServer\domains\euroroaming\wp-includes\class-wp-hook.php(323): WP_Hook->apply_filters(NULL, Array)
 in F:\OpenServer\domains\euroroaming\wp-content\plugins\AffiliateWP-master\includes\admin\tools\export\class-batch-export.php on line 223
[23-Aug-2017 14:45:50 UTC] PHP Notice:  Undefined property: AffWP\Utils\Batch_Process\Export_Referrals::$affiliate in F:\OpenServer\domains\euroroaming\wp-content\plugins\AffiliateWP-master\includes\admin\tools\export\class-batch-export-referrals.php on line 250
[23-Aug-2017 14:45:50 UTC] PHP Notice:  Undefined offset: 58961 in F:\OpenServer\domains\euroroaming\wp-content\plugins\AffiliateWP-master\includes\admin\tools\export\class-batch-export-referrals.php on line 353
[23-Aug-2017 14:45:50 UTC] PHP Notice:  Undefined offset: 59021 in F:\OpenServer\domains\euroroaming\wp-content\plugins\AffiliateWP-master\includes\admin\tools\export\class-batch-export-referrals.php on line 353
[23-Aug-2017 14:45:50 UTC] PHP Fatal error:  Uncaught Error: Call to a member function getProperties() on string in F:\OpenServer\domains\euroroaming\wp-content\plugins\AffiliateWP-master\includes\admin\tools\export\class-batch-export.php:225
Stack trace:
#0 F:\OpenServer\domains\euroroaming\wp-content\plugins\AffiliateWP-master\includes\admin\tools\tools.php(692): AffWP\Utils\Batch_Process\Export->export()
#1 F:\OpenServer\domains\euroroaming\wp-includes\class-wp-hook.php(298): affwp_process_batch_export_download(Array)
#2 F:\OpenServer\domains\euroroaming\wp-includes\class-wp-hook.php(323): WP_Hook->apply_filters('', Array)
#3 F:\OpenServer\domains\euroroaming\wp-includes\plugin.php(453): WP_Hook->do_action(Array)
#4 F:\OpenServer\domains\euroroaming\wp-content\plugins\AffiliateWP-master\includes\actions.php(23): do_action('affwp_download_...', Array)
#5 F:\OpenServer\domains\euroroaming\wp-includes\class-wp-hook.php(298): affwp_do_actions('')
#6 F:\OpenServer\domains\euroroaming\wp-includes\class-wp-hook.php(323): WP_Hook->apply_filters(NULL, Array)
 in F:\OpenServer\domains\euroroaming\wp-content\plugins\AffiliateWP-master\includes\admin\tools\export\class-batch-export.php on line 225
[23-Aug-2017 14:54:25 UTC] PHP Notice:  Undefined property: AffWP\Utils\Batch_Process\Export_Referrals::$affiliate in F:\OpenServer\domains\euroroaming\wp-content\plugins\AffiliateWP-master\includes\admin\tools\export\class-batch-export-referrals.php on line 250
[23-Aug-2017 14:54:25 UTC] PHP Notice:  Undefined offset: 58961 in F:\OpenServer\domains\euroroaming\wp-content\plugins\AffiliateWP-master\includes\admin\tools\export\class-batch-export-referrals.php on line 353
[23-Aug-2017 14:54:25 UTC] PHP Notice:  Undefined offset: 59021 in F:\OpenServer\domains\euroroaming\wp-content\plugins\AffiliateWP-master\includes\admin\tools\export\class-batch-export-referrals.php on line 353
[23-Aug-2017 14:54:25 UTC] PHP Fatal error:  Uncaught Error: Call to a member function getProperties() on string in F:\OpenServer\domains\euroroaming\wp-content\plugins\AffiliateWP-master\includes\admin\tools\export\class-batch-export.php:225
Stack trace:
#0 F:\OpenServer\domains\euroroaming\wp-content\plugins\AffiliateWP-master\includes\admin\tools\tools.php(692): AffWP\Utils\Batch_Process\Export->export()
#1 F:\OpenServer\domains\euroroaming\wp-includes\class-wp-hook.php(298): affwp_process_batch_export_download(Array)
#2 F:\OpenServer\domains\euroroaming\wp-includes\class-wp-hook.php(323): WP_Hook->apply_filters('', Array)
#3 F:\OpenServer\domains\euroroaming\wp-includes\plugin.php(453): WP_Hook->do_action(Array)
#4 F:\OpenServer\domains\euroroaming\wp-content\plugins\AffiliateWP-master\includes\actions.php(23): do_action('affwp_download_...', Array)
#5 F:\OpenServer\domains\euroroaming\wp-includes\class-wp-hook.php(298): affwp_do_actions('')
#6 F:\OpenServer\domains\euroroaming\wp-includes\class-wp-hook.php(323): WP_Hook->apply_filters(NULL, Array)
 in F:\OpenServer\domains\euroroaming\wp-content\plugins\AffiliateWP-master\includes\admin\tools\export\class-batch-export.php on line 225
